<?xml version="1.0" encoding="UTF-8"?>
<!-- Generated by org.testng.reporters.JUnitXMLReporter -->
<testsuite hostname="Design" name="Test" tests="1" failures="1" timestamp="15 Jun 2017 15:09:55 GMT" time="0.872" errors="0">
  <testcase name="launch" time="0.396" classname="ProjectOne.Lead.LeadFlowTesting">
    <failure type="java.lang.RuntimeException" message="FAILED">
      <![CDATA[java.lang.RuntimeException: FAILED
	at ProjectOne.Lead.GenericWrappers2.takeSnap(GenericWrappers2.java:1319)
	at ProjectOne.Lead.GenericWrappers2.invokeApp(GenericWrappers2.java:263)
	at ProjectOne.Lead.LeadFlowTesting.launch(LeadFlowTesting.java:42)
... Removed 24 stack frames]]>
    </failure>
  </testcase> <!-- launch -->
</testsuite> <!-- Test -->
